16:45:38.584 INFO - Selenium build info: version: '3.4.0', revision: 'unknown'
16:45:38.585 INFO - Launching a standalone Selenium Server
2020-10-20 16:45:38.614:INFO::main: Logging initialized @304ms to org.seleniumhq.jetty9.util.log.StdErrLog
16:45:38.675 INFO - Driver class not found: com.opera.core.systems.OperaDriver
16:45:38.675 INFO - Driver provider com.opera.core.systems.OperaDriver registration is skipped:
Unable to create new instances on this machine.
16:45:38.675 INFO - Driver class not found: com.opera.core.systems.OperaDriver
16:45:38.676 INFO - Driver provider com.opera.core.systems.OperaDriver is not registered
16:45:38.676 INFO - Driver provider org.openqa.selenium.safari.SafariDriver registration is skipped:
 registration capabilities Capabilities [{browserName=safari, version=, platform=MAC}] does not match the current platform WIN10
2020-10-20 16:45:38.723:INFO:osjs.Server:main: jetty-9.4.3.v20170317
2020-10-20 16:45:38.769:INFO:osjsh.ContextHandler:main: Started o.s.j.s.ServletContextHandler@d8355a8{/,null,AVAILABLE}
2020-10-20 16:45:39.107:INFO:osjs.AbstractConnector:main: Started ServerConnector@3f49dace{HTTP/1.1,[http/1.1]}{0.0.0.0:4444}
2020-10-20 16:45:39.107:INFO:osjs.Server:main: Started @797ms
16:45:39.107 INFO - Selenium Server is up and running
16:45:39.616 INFO - SessionCleaner initialized with insideBrowserTimeout 0 and clientGoneTimeout 1800000 polling every 180000
16:45:39.631 INFO - Executing: [new session: Capabilities [{acceptSslCerts=true, marionette=true, name=1 Products, browserName=chrome, javascriptEnabled=true, platform=ANY}]])
16:45:39.644 INFO - Creating a new session for Capabilities [{acceptSslCerts=true, marionette=true, name=1 Products, browserName=chrome, javascriptEnabled=true, platform=ANY}]
Starting ChromeDriver 85.0.4183.87 (cd6713ebf92fa1cacc0f1a598df280093af0c5d7-refs/branch-heads/4183@{#1689}) on port 38989
Only local connections are allowed.
Please see https://chromedriver.chromium.org/security-considerations for suggestions on keeping ChromeDriver safe.
ChromeDriver was started successfully.
[1603226741.640][WARNING]: This version of ChromeDriver has not been tested with Chrome version 86.
16:45:43.748 INFO - Detected dialect: W3C
16:45:43.769 INFO - Done: [new session: Capabilities [{acceptSslCerts=true, marionette=true, name=1 Products, browserName=chrome, javascriptEnabled=true, platform=ANY}]]
16:45:43.785 INFO - Executing: [get: http://localhost:8000/products.html])
16:45:44.524 INFO - Done: [get: http://localhost:8000/products.html]
16:45:44.538 INFO - Executing: [find elements: By.cssSelector: #products-list])
16:45:44.570 INFO - Done: [find elements: By.cssSelector: #products-list]
16:45:44.763 INFO - Executing: [find elements: By.cssSelector: #products-count])
16:45:44.786 INFO - Done: [find elements: By.cssSelector: #products-count]
16:45:44.793 INFO - Executing: [get text: 1 [[ChromeDriver: chrome on ANY (fa5330fad69c443689873f7f4dc11cd0)] -> css selector: #products-count]])
16:45:44.818 INFO - Done: [get text: 1 [[ChromeDriver: chrome on ANY (fa5330fad69c443689873f7f4dc11cd0)] -> css selector: #products-count]]
16:45:44.823 INFO - Executing: [find elements: By.cssSelector: #products-list > *])
16:45:44.850 INFO - Done: [find elements: By.cssSelector: #products-list > *]
16:45:44.857 INFO - Executing: [is displayed: 2 [[ChromeDriver: chrome on ANY (fa5330fad69c443689873f7f4dc11cd0)] -> css selector: #products-list > *]])
16:45:44.899 INFO - Done: [is displayed: 2 [[ChromeDriver: chrome on ANY (fa5330fad69c443689873f7f4dc11cd0)] -> css selector: #products-list > *]]
16:45:44.905 INFO - Executing: [get text: 2 [[ChromeDriver: chrome on ANY (fa5330fad69c443689873f7f4dc11cd0)] -> css selector: #products-list > *]])
16:45:44.929 INFO - Done: [get text: 2 [[ChromeDriver: chrome on ANY (fa5330fad69c443689873f7f4dc11cd0)] -> css selector: #products-list > *]]
16:45:44.945 INFO - Executing: [find elements: By.cssSelector: #product-categories])
16:45:44.969 INFO - Done: [find elements: By.cssSelector: #product-categories]
16:45:44.975 INFO - Executing: [find elements: By.cssSelector: #product-categories > button])
16:45:45.004 INFO - Done: [find elements: By.cssSelector: #product-categories > button]
16:45:45.016 INFO - Executing: [get text: 16 [[ChromeDriver: chrome on ANY (fa5330fad69c443689873f7f4dc11cd0)] -> css selector: #product-categories > button]])
16:45:45.035 INFO - Done: [get text: 16 [[ChromeDriver: chrome on ANY (fa5330fad69c443689873f7f4dc11cd0)] -> css selector: #product-categories > button]]
16:45:45.044 INFO - Executing: [click: 16 [[ChromeDriver: chrome on ANY (fa5330fad69c443689873f7f4dc11cd0)] -> css selector: #product-categories > button]])
16:45:45.096 INFO - Done: [click: 16 [[ChromeDriver: chrome on ANY (fa5330fad69c443689873f7f4dc11cd0)] -> css selector: #product-categories > button]]
16:45:45.267 INFO - Executing: [get value of css property: 16 [[ChromeDriver: chrome on ANY (fa5330fad69c443689873f7f4dc11cd0)] -> css selector: #product-categories > button], selected])
16:45:45.289 INFO - Done: [get value of css property: 16 [[ChromeDriver: chrome on ANY (fa5330fad69c443689873f7f4dc11cd0)] -> css selector: #product-categories > button], selected]
16:45:45.295 INFO - Executing: [find elements: By.cssSelector: #product-categories > button:not(.selected)])
16:45:45.324 INFO - Done: [find elements: By.cssSelector: #product-categories > button:not(.selected)]
16:45:45.344 INFO - Executing: [find elements: By.cssSelector: #products-count])
16:45:45.364 INFO - Done: [find elements: By.cssSelector: #products-count]
16:45:45.369 INFO - Executing: [get text: 1 [[ChromeDriver: chrome on ANY (fa5330fad69c443689873f7f4dc11cd0)] -> css selector: #products-count]])
16:45:45.379 INFO - Done: [get text: 1 [[ChromeDriver: chrome on ANY (fa5330fad69c443689873f7f4dc11cd0)] -> css selector: #products-count]]
16:45:45.385 INFO - Executing: [find elements: By.cssSelector: #products-list > *])
16:45:45.412 INFO - Done: [find elements: By.cssSelector: #products-list > *]
16:45:45.416 INFO - Executing: [is displayed: 21 [[ChromeDriver: chrome on ANY (fa5330fad69c443689873f7f4dc11cd0)] -> css selector: #products-list > *]])
16:45:45.450 INFO - Done: [is displayed: 21 [[ChromeDriver: chrome on ANY (fa5330fad69c443689873f7f4dc11cd0)] -> css selector: #products-list > *]]
16:45:45.455 INFO - Executing: [get text: 21 [[ChromeDriver: chrome on ANY (fa5330fad69c443689873f7f4dc11cd0)] -> css selector: #products-list > *]])
16:45:45.480 INFO - Done: [get text: 21 [[ChromeDriver: chrome on ANY (fa5330fad69c443689873f7f4dc11cd0)] -> css selector: #products-list > *]]
16:45:45.497 INFO - Executing: [find elements: By.cssSelector: #product-criteria])
16:45:45.523 INFO - Done: [find elements: By.cssSelector: #product-criteria]
16:45:45.532 INFO - Executing: [find elements: By.cssSelector: #product-criteria > button])
16:45:45.554 INFO - Done: [find elements: By.cssSelector: #product-criteria > button]
16:45:45.561 INFO - Executing: [get text: 25 [[ChromeDriver: chrome on ANY (fa5330fad69c443689873f7f4dc11cd0)] -> css selector: #product-criteria > button]])
16:45:45.585 INFO - Done: [get text: 25 [[ChromeDriver: chrome on ANY (fa5330fad69c443689873f7f4dc11cd0)] -> css selector: #product-criteria > button]]
16:45:45.589 INFO - Executing: [click: 25 [[ChromeDriver: chrome on ANY (fa5330fad69c443689873f7f4dc11cd0)] -> css selector: #product-criteria > button]])
16:45:45.637 INFO - Done: [click: 25 [[ChromeDriver: chrome on ANY (fa5330fad69c443689873f7f4dc11cd0)] -> css selector: #product-criteria > button]]
16:45:45.807 INFO - Executing: [get value of css property: 25 [[ChromeDriver: chrome on ANY (fa5330fad69c443689873f7f4dc11cd0)] -> css selector: #product-criteria > button], selected])
16:45:45.838 INFO - Done: [get value of css property: 25 [[ChromeDriver: chrome on ANY (fa5330fad69c443689873f7f4dc11cd0)] -> css selector: #product-criteria > button], selected]
16:45:45.844 INFO - Executing: [find elements: By.cssSelector: #product-criteria > button:not(.selected)])
16:45:45.861 INFO - Done: [find elements: By.cssSelector: #product-criteria > button:not(.selected)]
16:45:45.869 INFO - Executing: [find elements: By.cssSelector: #products-count])
16:45:45.887 INFO - Done: [find elements: By.cssSelector: #products-count]
16:45:45.890 INFO - Executing: [get text: 1 [[ChromeDriver: chrome on ANY (fa5330fad69c443689873f7f4dc11cd0)] -> css selector: #products-count]])
16:45:45.902 INFO - Done: [get text: 1 [[ChromeDriver: chrome on ANY (fa5330fad69c443689873f7f4dc11cd0)] -> css selector: #products-count]]
16:45:46.430 INFO - Executing: [find elements: By.cssSelector: #products-count])
16:45:46.452 INFO - Done: [find elements: By.cssSelector: #products-count]
16:45:46.456 INFO - Executing: [get text: 1 [[ChromeDriver: chrome on ANY (fa5330fad69c443689873f7f4dc11cd0)] -> css selector: #products-count]])
16:45:46.479 INFO - Done: [get text: 1 [[ChromeDriver: chrome on ANY (fa5330fad69c443689873f7f4dc11cd0)] -> css selector: #products-count]]
16:45:47.003 INFO - Executing: [find elements: By.cssSelector: #products-count])
16:45:47.027 INFO - Done: [find elements: By.cssSelector: #products-count]
16:45:47.033 INFO - Executing: [get text: 1 [[ChromeDriver: chrome on ANY (fa5330fad69c443689873f7f4dc11cd0)] -> css selector: #products-count]])
16:45:47.057 INFO - Done: [get text: 1 [[ChromeDriver: chrome on ANY (fa5330fad69c443689873f7f4dc11cd0)] -> css selector: #products-count]]
16:45:47.590 INFO - Executing: [find elements: By.cssSelector: #products-count])
16:45:47.610 INFO - Done: [find elements: By.cssSelector: #products-count]
16:45:47.614 INFO - Executing: [get text: 1 [[ChromeDriver: chrome on ANY (fa5330fad69c443689873f7f4dc11cd0)] -> css selector: #products-count]])
16:45:47.627 INFO - Done: [get text: 1 [[ChromeDriver: chrome on ANY (fa5330fad69c443689873f7f4dc11cd0)] -> css selector: #products-count]]
16:45:48.149 INFO - Executing: [find elements: By.cssSelector: #products-count])
16:45:48.168 INFO - Done: [find elements: By.cssSelector: #products-count]
16:45:48.172 INFO - Executing: [get text: 1 [[ChromeDriver: chrome on ANY (fa5330fad69c443689873f7f4dc11cd0)] -> css selector: #products-count]])
16:45:48.184 INFO - Done: [get text: 1 [[ChromeDriver: chrome on ANY (fa5330fad69c443689873f7f4dc11cd0)] -> css selector: #products-count]]
16:45:48.243 INFO - Executing: [new session: Capabilities [{acceptSslCerts=true, marionette=true, name=2 Product, browserName=chrome, javascriptEnabled=true, platform=ANY}]])
16:45:48.245 INFO - Creating a new session for Capabilities [{acceptSslCerts=true, marionette=true, name=2 Product, browserName=chrome, javascriptEnabled=true, platform=ANY}]
Starting ChromeDriver 85.0.4183.87 (cd6713ebf92fa1cacc0f1a598df280093af0c5d7-refs/branch-heads/4183@{#1689}) on port 41415
Only local connections are allowed.
Please see https://chromedriver.chromium.org/security-considerations for suggestions on keeping ChromeDriver safe.
ChromeDriver was started successfully.
[1603226749.604][WARNING]: This version of ChromeDriver has not been tested with Chrome version 86.
16:45:51.657 INFO - Detected dialect: W3C
16:45:51.658 INFO - Done: [new session: Capabilities [{acceptSslCerts=true, marionette=true, name=2 Product, browserName=chrome, javascriptEnabled=true, platform=ANY}]]
16:45:51.666 INFO - Executing: [get: http://localhost:8000/product.html?id=3])
16:45:53.015 INFO - Done: [get: http://localhost:8000/product.html?id=3]
16:45:53.196 INFO - Executing: [find elements: By.cssSelector: #product-name])
16:45:53.221 INFO - Done: [find elements: By.cssSelector: #product-name]
16:45:53.739 INFO - Executing: [find elements: By.cssSelector: #product-name])
16:45:53.759 INFO - Done: [find elements: By.cssSelector: #product-name]
16:45:54.276 INFO - Executing: [find elements: By.cssSelector: #product-name])
16:45:54.296 INFO - Done: [find elements: By.cssSelector: #product-name]
16:45:54.808 INFO - Executing: [find elements: By.cssSelector: #product-name])
16:45:54.833 INFO - Done: [find elements: By.cssSelector: #product-name]
16:45:55.349 INFO - Executing: [find elements: By.cssSelector: #product-name])
16:45:55.368 INFO - Done: [find elements: By.cssSelector: #product-name]
16:45:55.882 INFO - Executing: [find elements: By.cssSelector: #product-name])
16:45:55.905 INFO - Done: [find elements: By.cssSelector: #product-name]
16:45:56.420 INFO - Executing: [find elements: By.cssSelector: #product-name])
16:45:56.446 INFO - Done: [find elements: By.cssSelector: #product-name]
16:45:56.964 INFO - Executing: [find elements: By.cssSelector: #product-name])
16:45:56.988 INFO - Done: [find elements: By.cssSelector: #product-name]
16:45:57.496 INFO - Executing: [find elements: By.cssSelector: #product-name])
16:45:57.519 INFO - Done: [find elements: By.cssSelector: #product-name]
16:45:58.037 INFO - Executing: [find elements: By.cssSelector: #product-name])
16:45:58.061 INFO - Done: [find elements: By.cssSelector: #product-name]
16:45:58.582 INFO - Executing: [find elements: By.cssSelector: #product-name])
16:45:58.603 INFO - Done: [find elements: By.cssSelector: #product-name]
16:45:58.615 INFO - Executing: [get: http://localhost:8000/product.html?id=606])
16:45:58.731 INFO - Done: [get: http://localhost:8000/product.html?id=606]
16:45:58.921 INFO - Executing: [find elements: By.cssSelector: h1])
16:45:58.957 INFO - Done: [find elements: By.cssSelector: h1]
16:45:58.962 INFO - Executing: [get text: 0 [[ChromeDriver: chrome on ANY (7cdd2bbd096a759c22d797cfa260ad1f)] -> css selector: h1]])
16:45:58.990 INFO - Done: [get text: 0 [[ChromeDriver: chrome on ANY (7cdd2bbd096a759c22d797cfa260ad1f)] -> css selector: h1]]
16:45:58.995 INFO - Executing: [execute script: var passedArgs = Array.prototype.slice.call(arguments,0); return function() {
                //this code is executed in the context of the browser. document is a valid global in the context of the browser.
                // eslint-disable-next-line no-undef
                return document.querySelector("h1").parentNode.children.length;
            }.apply(window, passedArgs);, []])
16:45:59.013 INFO - Done: [execute script: var passedArgs = Array.prototype.slice.call(arguments,0); return function() {
                //this code is executed in the context of the browser. document is a valid global in the context of the browser.
                // eslint-disable-next-line no-undef
                return document.querySelector("h1").parentNode.children.length;
            }.apply(window, passedArgs);, []]
16:45:59.021 INFO - Executing: [get: http://localhost:8000/product.html?id=12])
16:45:59.111 INFO - Done: [get: http://localhost:8000/product.html?id=12]
16:45:59.301 INFO - Executing: [find elements: By.cssSelector: .shopping-cart > .count])
16:45:59.324 INFO - Done: [find elements: By.cssSelector: .shopping-cart > .count]
16:45:59.328 INFO - Executing: [is displayed: 1 [[ChromeDriver: chrome on ANY (7cdd2bbd096a759c22d797cfa260ad1f)] -> css selector: .shopping-cart > .count]])
16:45:59.358 INFO - Done: [is displayed: 1 [[ChromeDriver: chrome on ANY (7cdd2bbd096a759c22d797cfa260ad1f)] -> css selector: .shopping-cart > .count]]
16:45:59.364 INFO - Executing: [find elements: By.cssSelector: #dialog])
16:45:59.385 INFO - Done: [find elements: By.cssSelector: #dialog]
16:45:59.900 INFO - Executing: [find elements: By.cssSelector: #dialog])
16:45:59.920 INFO - Done: [find elements: By.cssSelector: #dialog]
16:46:00.438 INFO - Executing: [find elements: By.cssSelector: #dialog])
16:46:00.458 INFO - Done: [find elements: By.cssSelector: #dialog]
16:46:00.962 INFO - Executing: [find elements: By.cssSelector: #dialog])
16:46:00.982 INFO - Done: [find elements: By.cssSelector: #dialog]
16:46:01.498 INFO - Executing: [find elements: By.cssSelector: #dialog])
16:46:01.520 INFO - Done: [find elements: By.cssSelector: #dialog]
16:46:02.036 INFO - Executing: [find elements: By.cssSelector: #dialog])
16:46:02.056 INFO - Done: [find elements: By.cssSelector: #dialog]
16:46:02.572 INFO - Executing: [find elements: By.cssSelector: #dialog])
16:46:02.592 INFO - Done: [find elements: By.cssSelector: #dialog]
16:46:03.096 INFO - Executing: [find elements: By.cssSelector: #dialog])
16:46:03.119 INFO - Done: [find elements: By.cssSelector: #dialog]
16:46:03.637 INFO - Executing: [find elements: By.cssSelector: #dialog])
16:46:03.657 INFO - Done: [find elements: By.cssSelector: #dialog]
16:46:04.160 INFO - Executing: [find elements: By.cssSelector: #dialog])
16:46:04.181 INFO - Done: [find elements: By.cssSelector: #dialog]
16:46:04.697 INFO - Executing: [find elements: By.cssSelector: #dialog])
16:46:04.717 INFO - Done: [find elements: By.cssSelector: #dialog]
16:46:04.765 INFO - Executing: [new session: Capabilities [{acceptSslCerts=true, marionette=true, name=3 Shopping Cart, browserName=chrome, javascriptEnabled=true, platform=ANY}]])
16:46:04.767 INFO - Creating a new session for Capabilities [{acceptSslCerts=true, marionette=true, name=3 Shopping Cart, browserName=chrome, javascriptEnabled=true, platform=ANY}]
Starting ChromeDriver 85.0.4183.87 (cd6713ebf92fa1cacc0f1a598df280093af0c5d7-refs/branch-heads/4183@{#1689}) on port 32508
Only local connections are allowed.
Please see https://chromedriver.chromium.org/security-considerations for suggestions on keeping ChromeDriver safe.
ChromeDriver was started successfully.
[1603226766.070][WARNING]: This version of ChromeDriver has not been tested with Chrome version 86.
16:46:08.143 INFO - Detected dialect: W3C
16:46:08.145 INFO - Done: [new session: Capabilities [{acceptSslCerts=true, marionette=true, name=3 Shopping Cart, browserName=chrome, javascriptEnabled=true, platform=ANY}]]
16:46:08.159 INFO - Executing: [get: http://localhost:8000/shopping-cart.html])
16:46:09.553 INFO - Done: [get: http://localhost:8000/shopping-cart.html]
16:46:09.732 INFO - Executing: [find elements: By.cssSelector: h1])
16:46:09.766 INFO - Done: [find elements: By.cssSelector: h1]
16:46:09.769 INFO - Executing: [get text: 0 [[ChromeDriver: chrome on ANY (6c61233176dd89cecbf27c85282a6e5f)] -> css selector: h1]])
16:46:09.795 INFO - Done: [get text: 0 [[ChromeDriver: chrome on ANY (6c61233176dd89cecbf27c85282a6e5f)] -> css selector: h1]]
16:46:09.807 INFO - Executing: [find elements: By.cssSelector: h1 + *])
16:46:09.832 INFO - Done: [find elements: By.cssSelector: h1 + *]
16:46:09.835 INFO - Executing: [get text: 1 [[ChromeDriver: chrome on ANY (6c61233176dd89cecbf27c85282a6e5f)] -> css selector: h1 + *]])
16:46:09.867 INFO - Done: [get text: 1 [[ChromeDriver: chrome on ANY (6c61233176dd89cecbf27c85282a6e5f)] -> css selector: h1 + *]]
16:46:09.884 INFO - Executing: [find elements: By.cssSelector: .shopping-cart > .count])
16:46:09.908 INFO - Done: [find elements: By.cssSelector: .shopping-cart > .count]
16:46:09.911 INFO - Executing: [is displayed: 2 [[ChromeDriver: chrome on ANY (6c61233176dd89cecbf27c85282a6e5f)] -> css selector: .shopping-cart > .count]])
16:46:09.943 INFO - Done: [is displayed: 2 [[ChromeDriver: chrome on ANY (6c61233176dd89cecbf27c85282a6e5f)] -> css selector: .shopping-cart > .count]]
16:46:09.956 INFO - Executing: [get: http://localhost:8000/product.html?id=1])
16:46:10.082 INFO - Done: [get: http://localhost:8000/product.html?id=1]
16:46:10.253 INFO - Executing: [find elements: By.cssSelector: #add-to-cart-form input])
16:46:10.279 INFO - Done: [find elements: By.cssSelector: #add-to-cart-form input]
16:46:10.284 INFO - Executing: [clear: 3 [[ChromeDriver: chrome on ANY (6c61233176dd89cecbf27c85282a6e5f)] -> css selector: #add-to-cart-form input]])
16:46:10.332 INFO - Done: [clear: 3 [[ChromeDriver: chrome on ANY (6c61233176dd89cecbf27c85282a6e5f)] -> css selector: #add-to-cart-form input]]
16:46:10.336 INFO - Executing: [find elements: By.cssSelector: #add-to-cart-form input])
16:46:10.350 INFO - Done: [find elements: By.cssSelector: #add-to-cart-form input]
16:46:10.354 INFO - Executing: [send keys: 3 [[ChromeDriver: chrome on ANY (6c61233176dd89cecbf27c85282a6e5f)] -> css selector: #add-to-cart-form input], [2]])
16:46:10.417 INFO - Done: [send keys: 3 [[ChromeDriver: chrome on ANY (6c61233176dd89cecbf27c85282a6e5f)] -> css selector: #add-to-cart-form input], [2]]
16:46:10.422 INFO - Executing: [find elements: By.cssSelector: #add-to-cart-form])
16:46:10.448 INFO - Done: [find elements: By.cssSelector: #add-to-cart-form]
16:46:10.452 INFO - Executing: [submit: 4 [[ChromeDriver: chrome on ANY (6c61233176dd89cecbf27c85282a6e5f)] -> css selector: #add-to-cart-form]])
16:46:10.475 INFO - Done: [submit: 4 [[ChromeDriver: chrome on ANY (6c61233176dd89cecbf27c85282a6e5f)] -> css selector: #add-to-cart-form]]
16:46:10.480 INFO - Executing: [get: http://localhost:8000/product.html?id=4])
16:46:10.563 INFO - Done: [get: http://localhost:8000/product.html?id=4]
16:46:10.735 INFO - Executing: [find elements: By.cssSelector: #add-to-cart-form input])
16:46:10.755 INFO - Done: [find elements: By.cssSelector: #add-to-cart-form input]
16:46:10.759 INFO - Executing: [clear: 5 [[ChromeDriver: chrome on ANY (6c61233176dd89cecbf27c85282a6e5f)] -> css selector: #add-to-cart-form input]])
16:46:10.814 INFO - Done: [clear: 5 [[ChromeDriver: chrome on ANY (6c61233176dd89cecbf27c85282a6e5f)] -> css selector: #add-to-cart-form input]]
16:46:10.817 INFO - Executing: [find elements: By.cssSelector: #add-to-cart-form input])
16:46:10.828 INFO - Done: [find elements: By.cssSelector: #add-to-cart-form input]
16:46:10.832 INFO - Executing: [send keys: 5 [[ChromeDriver: chrome on ANY (6c61233176dd89cecbf27c85282a6e5f)] -> css selector: #add-to-cart-form input], [1, 0]])
16:46:10.876 INFO - Done: [send keys: 5 [[ChromeDriver: chrome on ANY (6c61233176dd89cecbf27c85282a6e5f)] -> css selector: #add-to-cart-form input], [1, 0]]
16:46:10.881 INFO - Executing: [find elements: By.cssSelector: #add-to-cart-form])
16:46:10.904 INFO - Done: [find elements: By.cssSelector: #add-to-cart-form]
16:46:10.908 INFO - Executing: [submit: 6 [[ChromeDriver: chrome on ANY (6c61233176dd89cecbf27c85282a6e5f)] -> css selector: #add-to-cart-form]])
16:46:10.918 INFO - Done: [submit: 6 [[ChromeDriver: chrome on ANY (6c61233176dd89cecbf27c85282a6e5f)] -> css selector: #add-to-cart-form]]
16:46:10.923 INFO - Executing: [get: http://localhost:8000/product.html?id=9])
16:46:11.004 INFO - Done: [get: http://localhost:8000/product.html?id=9]
16:46:11.178 INFO - Executing: [find elements: By.cssSelector: #add-to-cart-form input])
16:46:11.201 INFO - Done: [find elements: By.cssSelector: #add-to-cart-form input]
16:46:11.205 INFO - Executing: [clear: 7 [[ChromeDriver: chrome on ANY (6c61233176dd89cecbf27c85282a6e5f)] -> css selector: #add-to-cart-form input]])
16:46:11.264 INFO - Done: [clear: 7 [[ChromeDriver: chrome on ANY (6c61233176dd89cecbf27c85282a6e5f)] -> css selector: #add-to-cart-form input]]
16:46:11.269 INFO - Executing: [find elements: By.cssSelector: #add-to-cart-form input])
16:46:11.288 INFO - Done: [find elements: By.cssSelector: #add-to-cart-form input]
16:46:11.292 INFO - Executing: [send keys: 7 [[ChromeDriver: chrome on ANY (6c61233176dd89cecbf27c85282a6e5f)] -> css selector: #add-to-cart-form input], [6]])
16:46:11.333 INFO - Done: [send keys: 7 [[ChromeDriver: chrome on ANY (6c61233176dd89cecbf27c85282a6e5f)] -> css selector: #add-to-cart-form input], [6]]
16:46:11.337 INFO - Executing: [find elements: By.cssSelector: #add-to-cart-form])
16:46:11.350 INFO - Done: [find elements: By.cssSelector: #add-to-cart-form]
16:46:11.353 INFO - Executing: [submit: 8 [[ChromeDriver: chrome on ANY (6c61233176dd89cecbf27c85282a6e5f)] -> css selector: #add-to-cart-form]])
16:46:11.364 INFO - Done: [submit: 8 [[ChromeDriver: chrome on ANY (6c61233176dd89cecbf27c85282a6e5f)] -> css selector: #add-to-cart-form]]
16:46:11.368 INFO - Executing: [get: http://localhost:8000/product.html?id=12])
16:46:11.448 INFO - Done: [get: http://localhost:8000/product.html?id=12]
16:46:11.622 INFO - Executing: [find elements: By.cssSelector: #add-to-cart-form input])
16:46:11.648 INFO - Done: [find elements: By.cssSelector: #add-to-cart-form input]
16:46:11.654 INFO - Executing: [clear: 9 [[ChromeDriver: chrome on ANY (6c61233176dd89cecbf27c85282a6e5f)] -> css selector: #add-to-cart-form input]])
16:46:11.734 INFO - Done: [clear: 9 [[ChromeDriver: chrome on ANY (6c61233176dd89cecbf27c85282a6e5f)] -> css selector: #add-to-cart-form input]]
16:46:11.740 INFO - Executing: [find elements: By.cssSelector: #add-to-cart-form input])
16:46:11.766 INFO - Done: [find elements: By.cssSelector: #add-to-cart-form input]
16:46:11.770 INFO - Executing: [send keys: 9 [[ChromeDriver: chrome on ANY (6c61233176dd89cecbf27c85282a6e5f)] -> css selector: #add-to-cart-form input], [8]])
16:46:11.812 INFO - Done: [send keys: 9 [[ChromeDriver: chrome on ANY (6c61233176dd89cecbf27c85282a6e5f)] -> css selector: #add-to-cart-form input], [8]]
16:46:11.816 INFO - Executing: [find elements: By.cssSelector: #add-to-cart-form])
16:46:11.827 INFO - Done: [find elements: By.cssSelector: #add-to-cart-form]
16:46:11.831 INFO - Executing: [submit: 10 [[ChromeDriver: chrome on ANY (6c61233176dd89cecbf27c85282a6e5f)] -> css selector: #add-to-cart-form]])
16:46:11.841 INFO - Done: [submit: 10 [[ChromeDriver: chrome on ANY (6c61233176dd89cecbf27c85282a6e5f)] -> css selector: #add-to-cart-form]]
16:46:11.845 INFO - Executing: [get: http://localhost:8000/product.html?id=7])
16:46:11.927 INFO - Done: [get: http://localhost:8000/product.html?id=7]
16:46:12.096 INFO - Executing: [find elements: By.cssSelector: #add-to-cart-form input])
16:46:12.117 INFO - Done: [find elements: By.cssSelector: #add-to-cart-form input]
16:46:12.121 INFO - Executing: [clear: 11 [[ChromeDriver: chrome on ANY (6c61233176dd89cecbf27c85282a6e5f)] -> css selector: #add-to-cart-form input]])
16:46:12.161 INFO - Done: [clear: 11 [[ChromeDriver: chrome on ANY (6c61233176dd89cecbf27c85282a6e5f)] -> css selector: #add-to-cart-form input]]
16:46:12.164 INFO - Executing: [find elements: By.cssSelector: #add-to-cart-form input])
16:46:12.178 INFO - Done: [find elements: By.cssSelector: #add-to-cart-form input]
16:46:12.182 INFO - Executing: [send keys: 11 [[ChromeDriver: chrome on ANY (6c61233176dd89cecbf27c85282a6e5f)] -> css selector: #add-to-cart-form input], [1]])
16:46:12.225 INFO - Done: [send keys: 11 [[ChromeDriver: chrome on ANY (6c61233176dd89cecbf27c85282a6e5f)] -> css selector: #add-to-cart-form input], [1]]
16:46:12.230 INFO - Executing: [find elements: By.cssSelector: #add-to-cart-form])
16:46:12.254 INFO - Done: [find elements: By.cssSelector: #add-to-cart-form]
16:46:12.258 INFO - Executing: [submit: 12 [[ChromeDriver: chrome on ANY (6c61233176dd89cecbf27c85282a6e5f)] -> css selector: #add-to-cart-form]])
16:46:12.269 INFO - Done: [submit: 12 [[ChromeDriver: chrome on ANY (6c61233176dd89cecbf27c85282a6e5f)] -> css selector: #add-to-cart-form]]
16:46:12.273 INFO - Executing: [get: http://localhost:8000/product.html?id=13])
16:46:12.353 INFO - Done: [get: http://localhost:8000/product.html?id=13]
16:46:12.528 INFO - Executing: [find elements: By.cssSelector: #add-to-cart-form input])
16:46:12.552 INFO - Done: [find elements: By.cssSelector: #add-to-cart-form input]
16:46:12.556 INFO - Executing: [clear: 13 [[ChromeDriver: chrome on ANY (6c61233176dd89cecbf27c85282a6e5f)] -> css selector: #add-to-cart-form input]])
16:46:12.609 INFO - Done: [clear: 13 [[ChromeDriver: chrome on ANY (6c61233176dd89cecbf27c85282a6e5f)] -> css selector: #add-to-cart-form input]]
16:46:12.613 INFO - Executing: [find elements: By.cssSelector: #add-to-cart-form input])
16:46:12.622 INFO - Done: [find elements: By.cssSelector: #add-to-cart-form input]
16:46:12.627 INFO - Executing: [send keys: 13 [[ChromeDriver: chrome on ANY (6c61233176dd89cecbf27c85282a6e5f)] -> css selector: #add-to-cart-form input], [9]])
16:46:12.669 INFO - Done: [send keys: 13 [[ChromeDriver: chrome on ANY (6c61233176dd89cecbf27c85282a6e5f)] -> css selector: #add-to-cart-form input], [9]]
16:46:12.672 INFO - Executing: [find elements: By.cssSelector: #add-to-cart-form])
16:46:12.684 INFO - Done: [find elements: By.cssSelector: #add-to-cart-form]
16:46:12.688 INFO - Executing: [submit: 14 [[ChromeDriver: chrome on ANY (6c61233176dd89cecbf27c85282a6e5f)] -> css selector: #add-to-cart-form]])
16:46:12.699 INFO - Done: [submit: 14 [[ChromeDriver: chrome on ANY (6c61233176dd89cecbf27c85282a6e5f)] -> css selector: #add-to-cart-form]]
16:46:12.703 INFO - Executing: [get: http://localhost:8000/product.html?id=8])
16:46:12.784 INFO - Done: [get: http://localhost:8000/product.html?id=8]
16:46:12.960 INFO - Executing: [find elements: By.cssSelector: #add-to-cart-form input])
16:46:12.985 INFO - Done: [find elements: By.cssSelector: #add-to-cart-form input]
16:46:12.990 INFO - Executing: [clear: 15 [[ChromeDriver: chrome on ANY (6c61233176dd89cecbf27c85282a6e5f)] -> css selector: #add-to-cart-form input]])
16:46:13.056 INFO - Done: [clear: 15 [[ChromeDriver: chrome on ANY (6c61233176dd89cecbf27c85282a6e5f)] -> css selector: #add-to-cart-form input]]
16:46:13.061 INFO - Executing: [find elements: By.cssSelector: #add-to-cart-form input])
16:46:13.070 INFO - Done: [find elements: By.cssSelector: #add-to-cart-form input]
16:46:13.074 INFO - Executing: [send keys: 15 [[ChromeDriver: chrome on ANY (6c61233176dd89cecbf27c85282a6e5f)] -> css selector: #add-to-cart-form input], [4]])
16:46:13.115 INFO - Done: [send keys: 15 [[ChromeDriver: chrome on ANY (6c61233176dd89cecbf27c85282a6e5f)] -> css selector: #add-to-cart-form input], [4]]
16:46:13.118 INFO - Executing: [find elements: By.cssSelector: #add-to-cart-form])
16:46:13.132 INFO - Done: [find elements: By.cssSelector: #add-to-cart-form]
16:46:13.136 INFO - Executing: [submit: 16 [[ChromeDriver: chrome on ANY (6c61233176dd89cecbf27c85282a6e5f)] -> css selector: #add-to-cart-form]])
16:46:13.148 INFO - Done: [submit: 16 [[ChromeDriver: chrome on ANY (6c61233176dd89cecbf27c85282a6e5f)] -> css selector: #add-to-cart-form]]
16:46:13.152 INFO - Executing: [get: http://localhost:8000/product.html?id=3])
16:46:13.245 INFO - Done: [get: http://localhost:8000/product.html?id=3]
16:46:13.419 INFO - Executing: [find elements: By.cssSelector: #add-to-cart-form input])
16:46:13.444 INFO - Done: [find elements: By.cssSelector: #add-to-cart-form input]
16:46:13.451 INFO - Executing: [clear: 17 [[ChromeDriver: chrome on ANY (6c61233176dd89cecbf27c85282a6e5f)] -> css selector: #add-to-cart-form input]])
16:46:13.529 INFO - Done: [clear: 17 [[ChromeDriver: chrome on ANY (6c61233176dd89cecbf27c85282a6e5f)] -> css selector: #add-to-cart-form input]]
16:46:13.536 INFO - Executing: [find elements: By.cssSelector: #add-to-cart-form input])
16:46:13.566 INFO - Done: [find elements: By.cssSelector: #add-to-cart-form input]
16:46:13.572 INFO - Executing: [send keys: 17 [[ChromeDriver: chrome on ANY (6c61233176dd89cecbf27c85282a6e5f)] -> css selector: #add-to-cart-form input], [3]])
16:46:13.631 INFO - Done: [send keys: 17 [[ChromeDriver: chrome on ANY (6c61233176dd89cecbf27c85282a6e5f)] -> css selector: #add-to-cart-form input], [3]]
16:46:13.635 INFO - Executing: [find elements: By.cssSelector: #add-to-cart-form])
16:46:13.653 INFO - Done: [find elements: By.cssSelector: #add-to-cart-form]
16:46:13.656 INFO - Executing: [submit: 18 [[ChromeDriver: chrome on ANY (6c61233176dd89cecbf27c85282a6e5f)] -> css selector: #add-to-cart-form]])
16:46:13.666 INFO - Done: [submit: 18 [[ChromeDriver: chrome on ANY (6c61233176dd89cecbf27c85282a6e5f)] -> css selector: #add-to-cart-form]]
16:46:13.670 INFO - Executing: [get: http://localhost:8000/product.html?id=5])
16:46:13.752 INFO - Done: [get: http://localhost:8000/product.html?id=5]
16:46:13.931 INFO - Executing: [find elements: By.cssSelector: #add-to-cart-form input])
16:46:13.955 INFO - Done: [find elements: By.cssSelector: #add-to-cart-form input]
16:46:13.960 INFO - Executing: [clear: 19 [[ChromeDriver: chrome on ANY (6c61233176dd89cecbf27c85282a6e5f)] -> css selector: #add-to-cart-form input]])
16:46:14.006 INFO - Done: [clear: 19 [[ChromeDriver: chrome on ANY (6c61233176dd89cecbf27c85282a6e5f)] -> css selector: #add-to-cart-form input]]
16:46:14.011 INFO - Executing: [find elements: By.cssSelector: #add-to-cart-form input])
16:46:14.023 INFO - Done: [find elements: By.cssSelector: #add-to-cart-form input]
16:46:14.026 INFO - Executing: [send keys: 19 [[ChromeDriver: chrome on ANY (6c61233176dd89cecbf27c85282a6e5f)] -> css selector: #add-to-cart-form input], [7]])
16:46:14.092 INFO - Done: [send keys: 19 [[ChromeDriver: chrome on ANY (6c61233176dd89cecbf27c85282a6e5f)] -> css selector: #add-to-cart-form input], [7]]
16:46:14.098 INFO - Executing: [find elements: By.cssSelector: #add-to-cart-form])
16:46:14.121 INFO - Done: [find elements: By.cssSelector: #add-to-cart-form]
16:46:14.125 INFO - Executing: [submit: 20 [[ChromeDriver: chrome on ANY (6c61233176dd89cecbf27c85282a6e5f)] -> css selector: #add-to-cart-form]])
16:46:14.147 INFO - Done: [submit: 20 [[ChromeDriver: chrome on ANY (6c61233176dd89cecbf27c85282a6e5f)] -> css selector: #add-to-cart-form]]
16:46:14.152 INFO - Executing: [get: http://localhost:8000/product.html?id=6])
16:46:14.266 INFO - Done: [get: http://localhost:8000/product.html?id=6]
16:46:14.431 INFO - Executing: [find elements: By.cssSelector: #add-to-cart-form input])
16:46:14.451 INFO - Done: [find elements: By.cssSelector: #add-to-cart-form input]
16:46:14.967 INFO - Executing: [find elements: By.cssSelector: #add-to-cart-form input])
16:46:14.988 INFO - Done: [find elements: By.cssSelector: #add-to-cart-form input]
16:46:15.492 INFO - Executing: [find elements: By.cssSelector: #add-to-cart-form input])
16:46:15.512 INFO - Done: [find elements: By.cssSelector: #add-to-cart-form input]
16:46:16.015 INFO - Executing: [find elements: By.cssSelector: #add-to-cart-form input])
16:46:16.036 INFO - Done: [find elements: By.cssSelector: #add-to-cart-form input]
16:46:16.555 INFO - Executing: [find elements: By.cssSelector: #add-to-cart-form input])
16:46:16.575 INFO - Done: [find elements: By.cssSelector: #add-to-cart-form input]
16:46:17.091 INFO - Executing: [find elements: By.cssSelector: #add-to-cart-form input])
16:46:17.111 INFO - Done: [find elements: By.cssSelector: #add-to-cart-form input]
16:46:17.629 INFO - Executing: [find elements: By.cssSelector: #add-to-cart-form input])
16:46:17.649 INFO - Done: [find elements: By.cssSelector: #add-to-cart-form input]
16:46:18.154 INFO - Executing: [find elements: By.cssSelector: #add-to-cart-form input])
16:46:18.175 INFO - Done: [find elements: By.cssSelector: #add-to-cart-form input]
16:46:18.678 INFO - Executing: [find elements: By.cssSelector: #add-to-cart-form input])
16:46:18.699 INFO - Done: [find elements: By.cssSelector: #add-to-cart-form input]
16:46:19.203 INFO - Executing: [find elements: By.cssSelector: #add-to-cart-form input])
16:46:19.224 INFO - Done: [find elements: By.cssSelector: #add-to-cart-form input]
16:46:19.742 INFO - Executing: [find elements: By.cssSelector: #add-to-cart-form input])
16:46:19.762 INFO - Done: [find elements: By.cssSelector: #add-to-cart-form input]
16:46:19.766 INFO - Executing: [find elements: By.cssSelector: #add-to-cart-form input])
16:46:19.777 INFO - Done: [find elements: By.cssSelector: #add-to-cart-form input]
16:46:20.287 INFO - Executing: [find elements: By.cssSelector: #add-to-cart-form input])
16:46:20.308 INFO - Done: [find elements: By.cssSelector: #add-to-cart-form input]
16:46:20.830 INFO - Executing: [find elements: By.cssSelector: #add-to-cart-form input])
16:46:20.855 INFO - Done: [find elements: By.cssSelector: #add-to-cart-form input]
16:46:21.371 INFO - Executing: [find elements: By.cssSelector: #add-to-cart-form input])
16:46:21.395 INFO - Done: [find elements: By.cssSelector: #add-to-cart-form input]
16:46:21.913 INFO - Executing: [find elements: By.cssSelector: #add-to-cart-form input])
16:46:21.937 INFO - Done: [find elements: By.cssSelector: #add-to-cart-form input]
16:46:22.454 INFO - Executing: [find elements: By.cssSelector: #add-to-cart-form input])
16:46:22.477 INFO - Done: [find elements: By.cssSelector: #add-to-cart-form input]
16:46:22.995 INFO - Executing: [find elements: By.cssSelector: #add-to-cart-form input])
16:46:23.018 INFO - Done: [find elements: By.cssSelector: #add-to-cart-form input]
16:46:23.536 INFO - Executing: [find elements: By.cssSelector: #add-to-cart-form input])
16:46:23.559 INFO - Done: [find elements: By.cssSelector: #add-to-cart-form input]
16:46:24.078 INFO - Executing: [find elements: By.cssSelector: #add-to-cart-form input])
16:46:24.101 INFO - Done: [find elements: By.cssSelector: #add-to-cart-form input]
16:46:24.617 INFO - Executing: [find elements: By.cssSelector: #add-to-cart-form input])
16:46:24.642 INFO - Done: [find elements: By.cssSelector: #add-to-cart-form input]
16:46:25.164 INFO - Executing: [find elements: By.cssSelector: #add-to-cart-form input])
16:46:25.187 INFO - Done: [find elements: By.cssSelector: #add-to-cart-form input]
16:46:25.193 INFO - Executing: [find elements: By.cssSelector: #add-to-cart-form])
16:46:25.218 INFO - Done: [find elements: By.cssSelector: #add-to-cart-form]
16:46:25.724 INFO - Executing: [find elements: By.cssSelector: #add-to-cart-form])
16:46:25.748 INFO - Done: [find elements: By.cssSelector: #add-to-cart-form]
16:46:26.267 INFO - Executing: [find elements: By.cssSelector: #add-to-cart-form])
16:46:26.291 INFO - Done: [find elements: By.cssSelector: #add-to-cart-form]
16:46:26.807 INFO - Executing: [find elements: By.cssSelector: #add-to-cart-form])
16:46:26.827 INFO - Done: [find elements: By.cssSelector: #add-to-cart-form]
16:46:27.332 INFO - Executing: [find elements: By.cssSelector: #add-to-cart-form])
16:46:27.353 INFO - Done: [find elements: By.cssSelector: #add-to-cart-form]
16:46:27.864 INFO - Executing: [find elements: By.cssSelector: #add-to-cart-form])
16:46:27.886 INFO - Done: [find elements: By.cssSelector: #add-to-cart-form]
16:46:28.405 INFO - Executing: [find elements: By.cssSelector: #add-to-cart-form])
16:46:28.429 INFO - Done: [find elements: By.cssSelector: #add-to-cart-form]
16:46:28.950 INFO - Executing: [find elements: By.cssSelector: #add-to-cart-form])
16:46:28.975 INFO - Done: [find elements: By.cssSelector: #add-to-cart-form]
16:46:29.492 INFO - Executing: [find elements: By.cssSelector: #add-to-cart-form])
16:46:29.510 INFO - Done: [find elements: By.cssSelector: #add-to-cart-form]
16:46:30.018 INFO - Executing: [find elements: By.cssSelector: #add-to-cart-form])
16:46:30.043 INFO - Done: [find elements: By.cssSelector: #add-to-cart-form]
16:46:30.548 INFO - Executing: [find elements: By.cssSelector: #add-to-cart-form])
16:46:30.571 INFO - Done: [find elements: By.cssSelector: #add-to-cart-form]
16:46:30.579 INFO - Executing: [get: http://localhost:8000/shopping-cart.html])
16:46:31.014 INFO - Done: [get: http://localhost:8000/shopping-cart.html]
16:46:31.182 INFO - Executing: [find elements: By.cssSelector: table tr])
16:46:31.215 INFO - Done: [find elements: By.cssSelector: table tr]
16:46:31.229 INFO - Executing: [get text: 22 [[ChromeDriver: chrome on ANY (6c61233176dd89cecbf27c85282a6e5f)] -> css selector: table tr]])
16:46:31.271 INFO - Done: [get text: 22 [[ChromeDriver: chrome on ANY (6c61233176dd89cecbf27c85282a6e5f)] -> css selector: table tr]]
16:46:31.280 INFO - Executing: [find elements: By.cssSelector: .remove-item-button])
16:46:31.296 INFO - Done: [find elements: By.cssSelector: .remove-item-button]
16:46:31.801 INFO - Executing: [find elements: By.cssSelector: .remove-item-button])
16:46:31.825 INFO - Done: [find elements: By.cssSelector: .remove-item-button]
16:46:32.330 INFO - Executing: [find elements: By.cssSelector: .remove-item-button])
16:46:32.352 INFO - Done: [find elements: By.cssSelector: .remove-item-button]
16:46:32.861 INFO - Executing: [find elements: By.cssSelector: .remove-item-button])
16:46:32.886 INFO - Done: [find elements: By.cssSelector: .remove-item-button]
16:46:33.391 INFO - Executing: [find elements: By.cssSelector: .remove-item-button])
16:46:33.410 INFO - Done: [find elements: By.cssSelector: .remove-item-button]
16:46:33.921 INFO - Executing: [find elements: By.cssSelector: .remove-item-button])
16:46:33.945 INFO - Done: [find elements: By.cssSelector: .remove-item-button]
16:46:34.459 INFO - Executing: [find elements: By.cssSelector: .remove-item-button])
16:46:34.485 INFO - Done: [find elements: By.cssSelector: .remove-item-button]
16:46:34.996 INFO - Executing: [find elements: By.cssSelector: .remove-item-button])
16:46:35.015 INFO - Done: [find elements: By.cssSelector: .remove-item-button]
16:46:35.522 INFO - Executing: [find elements: By.cssSelector: .remove-item-button])
16:46:35.541 INFO - Done: [find elements: By.cssSelector: .remove-item-button]
16:46:36.051 INFO - Executing: [find elements: By.cssSelector: .remove-item-button])
16:46:36.074 INFO - Done: [find elements: By.cssSelector: .remove-item-button]
16:46:36.581 INFO - Executing: [find elements: By.cssSelector: .remove-item-button])
16:46:36.605 INFO - Done: [find elements: By.cssSelector: .remove-item-button]
16:46:36.612 INFO - Executing: [dismiss alert])
16:46:36.630 INFO - HTTP Status: '404' -> incorrect JSON status mapping for 'no such alert' (400 expected)
16:46:36.639 WARN - Exception thrown
org.openqa.selenium.NoAlertPresentException: no such alert
  (Session info: chrome=86.0.4240.75)
Build info: version: '3.4.0', revision: 'unknown', time: 'unknown'
System info: host: 'DESKTOP-OR94KAE', ip: '192.168.56.1', os.name: 'Windows 10', os.arch: 'amd64', os.version: '10.0', java.version: '1.8.0_251'
Driver info: org.openqa.selenium.chrome.ChromeDriver
Capabilities [{networkConnectionEnabled=false, chrome={chromedriverVersion=85.0.4183.87 (cd6713ebf92fa1cacc0f1a598df280093af0c5d7-refs/branch-heads/4183@{#1689}), userDataDir=C:\Users\vinca\AppData\Local\Temp\scoped_dir18976_892126580}, timeouts={implicit=0.0, pageLoad=300000.0, script=30000.0}, pageLoadStrategy=normal, unhandledPromptBehavior=dismiss and notify, strictFileInteractability=false, platform=ANY, proxy=Proxy(), goog:chromeOptions={debuggerAddress=localhost:51068}, acceptInsecureCerts=false, browserVersion=86.0.4240.75, browserName=chrome, javascriptEnabled=true, platformName=windows, setWindowRect=true, webauthn:virtualAuthenticators=true}]
Session ID: 6c61233176dd89cecbf27c85282a6e5f
	at sun.reflect.NativeConstructorAccessorImpl.newInstance0(Native Method)
	at sun.reflect.NativeConstructorAccessorImpl.newInstance(Unknown Source)
	at sun.reflect.DelegatingConstructorAccessorImpl.newInstance(Unknown Source)
	at java.lang.reflect.Constructor.newInstance(Unknown Source)
	at org.openqa.selenium.remote.http.W3CHttpResponseCodec.createException(W3CHttpResponseCodec.java:150)
	at org.openqa.selenium.remote.http.W3CHttpResponseCodec.decode(W3CHttpResponseCodec.java:115)
	at org.openqa.selenium.remote.http.W3CHttpResponseCodec.decode(W3CHttpResponseCodec.java:45)
	at org.openqa.selenium.remote.HttpCommandExecutor.execute(HttpCommandExecutor.java:164)
	at org.openqa.selenium.remote.service.DriverCommandExecutor.execute(DriverCommandExecutor.java:82)
	at org.openqa.selenium.remote.RemoteWebDriver.execute(RemoteWebDriver.java:637)
	at org.openqa.selenium.remote.RemoteWebDriver.execute(RemoteWebDriver.java:694)
	at org.openqa.selenium.remote.RemoteWebDriver$RemoteTargetLocator.alert(RemoteWebDriver.java:1020)
	at org.openqa.selenium.support.events.EventFiringWebDriver$EventFiringTargetLocator.alert(EventFiringWebDriver.java:612)
	at org.openqa.selenium.remote.server.handler.DismissAlert.call(DismissAlert.java:30)
	at org.openqa.selenium.remote.server.handler.DismissAlert.call(DismissAlert.java:22)
	at java.util.concurrent.FutureTask.run(Unknown Source)
	at org.openqa.selenium.remote.server.DefaultSession$1.run(DefaultSession.java:176)
	at java.util.concurrent.ThreadPoolExecutor.runWorker(Unknown Source)
	at java.util.concurrent.ThreadPoolExecutor$Worker.run(Unknown Source)
	at java.lang.Thread.run(Unknown Source)
16:46:36.642 WARN - Exception: no such alert
  (Session info: chrome=86.0.4240.75)
Build info: version: '3.4.0', revision: 'unknown', time: 'unknown'
System info: host: 'DESKTOP-OR94KAE', ip: '192.168.56.1', os.name: 'Windows 10', os.arch: 'amd64', os.version: '10.0', java.version: '1.8.0_251'
Driver info: org.openqa.selenium.chrome.ChromeDriver
Capabilities [{networkConnectionEnabled=false, chrome={chromedriverVersion=85.0.4183.87 (cd6713ebf92fa1cacc0f1a598df280093af0c5d7-refs/branch-heads/4183@{#1689}), userDataDir=C:\Users\vinca\AppData\Local\Temp\scoped_dir18976_892126580}, timeouts={implicit=0.0, pageLoad=300000.0, script=30000.0}, pageLoadStrategy=normal, unhandledPromptBehavior=dismiss and notify, strictFileInteractability=false, platform=ANY, proxy=Proxy(), goog:chromeOptions={debuggerAddress=localhost:51068}, acceptInsecureCerts=false, browserVersion=86.0.4240.75, browserName=chrome, javascriptEnabled=true, platformName=windows, setWindowRect=true, webauthn:virtualAuthenticators=true}]
Session ID: 6c61233176dd89cecbf27c85282a6e5f
16:46:36.829 INFO - Executing: [find elements: By.cssSelector: table tr])
16:46:36.855 INFO - Done: [find elements: By.cssSelector: table tr]
16:46:36.874 INFO - Executing: [get text: 22 [[ChromeDriver: chrome on ANY (6c61233176dd89cecbf27c85282a6e5f)] -> css selector: table tr]])
16:46:36.908 INFO - Done: [get text: 22 [[ChromeDriver: chrome on ANY (6c61233176dd89cecbf27c85282a6e5f)] -> css selector: table tr]]
16:46:36.915 INFO - Executing: [find elements: By.cssSelector: .add-quantity-button])
16:46:36.932 INFO - Done: [find elements: By.cssSelector: .add-quantity-button]
16:46:37.445 INFO - Executing: [find elements: By.cssSelector: .add-quantity-button])
16:46:37.465 INFO - Done: [find elements: By.cssSelector: .add-quantity-button]
16:46:37.972 INFO - Executing: [find elements: By.cssSelector: .add-quantity-button])
16:46:37.996 INFO - Done: [find elements: By.cssSelector: .add-quantity-button]
16:46:38.516 INFO - Executing: [find elements: By.cssSelector: .add-quantity-button])
16:46:38.542 INFO - Done: [find elements: By.cssSelector: .add-quantity-button]
16:46:39.058 INFO - Executing: [find elements: By.cssSelector: .add-quantity-button])
16:46:39.083 INFO - Done: [find elements: By.cssSelector: .add-quantity-button]
16:46:39.597 INFO - Executing: [find elements: By.cssSelector: .add-quantity-button])
16:46:39.618 INFO - Done: [find elements: By.cssSelector: .add-quantity-button]
16:46:40.128 INFO - Executing: [find elements: By.cssSelector: .add-quantity-button])
16:46:40.152 INFO - Done: [find elements: By.cssSelector: .add-quantity-button]
16:46:40.671 INFO - Executing: [find elements: By.cssSelector: .add-quantity-button])
16:46:40.695 INFO - Done: [find elements: By.cssSelector: .add-quantity-button]
16:46:41.200 INFO - Executing: [find elements: By.cssSelector: .add-quantity-button])
16:46:41.223 INFO - Done: [find elements: By.cssSelector: .add-quantity-button]
16:46:41.727 INFO - Executing: [find elements: By.cssSelector: .add-quantity-button])
16:46:41.749 INFO - Done: [find elements: By.cssSelector: .add-quantity-button]
16:46:42.267 INFO - Executing: [find elements: By.cssSelector: .add-quantity-button])
16:46:42.290 INFO - Done: [find elements: By.cssSelector: .add-quantity-button]
16:46:42.468 INFO - Executing: [find elements: By.cssSelector: table tr])
16:46:42.502 INFO - Done: [find elements: By.cssSelector: table tr]
16:46:42.519 INFO - Executing: [get text: 22 [[ChromeDriver: chrome on ANY (6c61233176dd89cecbf27c85282a6e5f)] -> css selector: table tr]])
16:46:42.557 INFO - Done: [get text: 22 [[ChromeDriver: chrome on ANY (6c61233176dd89cecbf27c85282a6e5f)] -> css selector: table tr]]
16:46:42.567 INFO - Executing: [find elements: By.cssSelector: .remove-quantity-button])
16:46:42.587 INFO - Done: [find elements: By.cssSelector: .remove-quantity-button]
16:46:43.102 INFO - Executing: [find elements: By.cssSelector: .remove-quantity-button])
16:46:43.125 INFO - Done: [find elements: By.cssSelector: .remove-quantity-button]
16:46:43.639 INFO - Executing: [find elements: By.cssSelector: .remove-quantity-button])
16:46:43.663 INFO - Done: [find elements: By.cssSelector: .remove-quantity-button]
16:46:44.168 INFO - Executing: [find elements: By.cssSelector: .remove-quantity-button])
16:46:44.193 INFO - Done: [find elements: By.cssSelector: .remove-quantity-button]
16:46:44.710 INFO - Executing: [find elements: By.cssSelector: .remove-quantity-button])
16:46:44.735 INFO - Done: [find elements: By.cssSelector: .remove-quantity-button]
16:46:45.241 INFO - Executing: [find elements: By.cssSelector: .remove-quantity-button])
16:46:45.266 INFO - Done: [find elements: By.cssSelector: .remove-quantity-button]
16:46:45.786 INFO - Executing: [find elements: By.cssSelector: .remove-quantity-button])
16:46:45.807 INFO - Done: [find elements: By.cssSelector: .remove-quantity-button]
16:46:46.323 INFO - Executing: [find elements: By.cssSelector: .remove-quantity-button])
16:46:46.344 INFO - Done: [find elements: By.cssSelector: .remove-quantity-button]
16:46:46.852 INFO - Executing: [find elements: By.cssSelector: .remove-quantity-button])
16:46:46.876 INFO - Done: [find elements: By.cssSelector: .remove-quantity-button]
16:46:47.395 INFO - Executing: [find elements: By.cssSelector: .remove-quantity-button])
16:46:47.421 INFO - Done: [find elements: By.cssSelector: .remove-quantity-button]
16:46:47.938 INFO - Executing: [find elements: By.cssSelector: .remove-quantity-button])
16:46:47.963 INFO - Done: [find elements: By.cssSelector: .remove-quantity-button]
16:46:48.136 INFO - Executing: [find elements: By.cssSelector: table tr])
16:46:48.158 INFO - Done: [find elements: By.cssSelector: table tr]
16:46:48.168 INFO - Executing: [get text: 22 [[ChromeDriver: chrome on ANY (6c61233176dd89cecbf27c85282a6e5f)] -> css selector: table tr]])
16:46:48.198 INFO - Done: [get text: 22 [[ChromeDriver: chrome on ANY (6c61233176dd89cecbf27c85282a6e5f)] -> css selector: table tr]]
16:46:48.205 INFO - Executing: [find elements: By.cssSelector: #remove-all-items-button])
16:46:48.223 INFO - Done: [find elements: By.cssSelector: #remove-all-items-button]
16:46:48.741 INFO - Executing: [find elements: By.cssSelector: #remove-all-items-button])
16:46:48.763 INFO - Done: [find elements: By.cssSelector: #remove-all-items-button]
16:46:49.278 INFO - Executing: [find elements: By.cssSelector: #remove-all-items-button])
16:46:49.299 INFO - Done: [find elements: By.cssSelector: #remove-all-items-button]
16:46:49.820 INFO - Executing: [find elements: By.cssSelector: #remove-all-items-button])
16:46:49.843 INFO - Done: [find elements: By.cssSelector: #remove-all-items-button]
16:46:50.357 INFO - Executing: [find elements: By.cssSelector: #remove-all-items-button])
16:46:50.379 INFO - Done: [find elements: By.cssSelector: #remove-all-items-button]
16:46:50.894 INFO - Executing: [find elements: By.cssSelector: #remove-all-items-button])
16:46:50.914 INFO - Done: [find elements: By.cssSelector: #remove-all-items-button]
16:46:51.431 INFO - Executing: [find elements: By.cssSelector: #remove-all-items-button])
16:46:51.450 INFO - Done: [find elements: By.cssSelector: #remove-all-items-button]
16:46:51.957 INFO - Executing: [find elements: By.cssSelector: #remove-all-items-button])
16:46:51.981 INFO - Done: [find elements: By.cssSelector: #remove-all-items-button]
16:46:52.500 INFO - Executing: [find elements: By.cssSelector: #remove-all-items-button])
16:46:52.525 INFO - Done: [find elements: By.cssSelector: #remove-all-items-button]
16:46:53.032 INFO - Executing: [find elements: By.cssSelector: #remove-all-items-button])
16:46:53.053 INFO - Done: [find elements: By.cssSelector: #remove-all-items-button]
16:46:53.562 INFO - Executing: [find elements: By.cssSelector: #remove-all-items-button])
16:46:53.585 INFO - Done: [find elements: By.cssSelector: #remove-all-items-button]
16:46:53.592 INFO - Executing: [dismiss alert])
16:46:53.607 INFO - HTTP Status: '404' -> incorrect JSON status mapping for 'no such alert' (400 expected)
16:46:53.608 WARN - Exception thrown
org.openqa.selenium.NoAlertPresentException: no such alert
  (Session info: chrome=86.0.4240.75)
Build info: version: '3.4.0', revision: 'unknown', time: 'unknown'
System info: host: 'DESKTOP-OR94KAE', ip: '192.168.56.1', os.name: 'Windows 10', os.arch: 'amd64', os.version: '10.0', java.version: '1.8.0_251'
Driver info: org.openqa.selenium.chrome.ChromeDriver
Capabilities [{networkConnectionEnabled=false, chrome={chromedriverVersion=85.0.4183.87 (cd6713ebf92fa1cacc0f1a598df280093af0c5d7-refs/branch-heads/4183@{#1689}), userDataDir=C:\Users\vinca\AppData\Local\Temp\scoped_dir18976_892126580}, timeouts={implicit=0.0, pageLoad=300000.0, script=30000.0}, pageLoadStrategy=normal, unhandledPromptBehavior=dismiss and notify, strictFileInteractability=false, platform=ANY, proxy=Proxy(), goog:chromeOptions={debuggerAddress=localhost:51068}, acceptInsecureCerts=false, browserVersion=86.0.4240.75, browserName=chrome, javascriptEnabled=true, platformName=windows, setWindowRect=true, webauthn:virtualAuthenticators=true}]
Session ID: 6c61233176dd89cecbf27c85282a6e5f
	at sun.reflect.NativeConstructorAccessorImpl.newInstance0(Native Method)
	at sun.reflect.NativeConstructorAccessorImpl.newInstance(Unknown Source)
	at sun.reflect.DelegatingConstructorAccessorImpl.newInstance(Unknown Source)
	at java.lang.reflect.Constructor.newInstance(Unknown Source)
	at org.openqa.selenium.remote.http.W3CHttpResponseCodec.createException(W3CHttpResponseCodec.java:150)
	at org.openqa.selenium.remote.http.W3CHttpResponseCodec.decode(W3CHttpResponseCodec.java:115)
	at org.openqa.selenium.remote.http.W3CHttpResponseCodec.decode(W3CHttpResponseCodec.java:45)
	at org.openqa.selenium.remote.HttpCommandExecutor.execute(HttpCommandExecutor.java:164)
	at org.openqa.selenium.remote.service.DriverCommandExecutor.execute(DriverCommandExecutor.java:82)
	at org.openqa.selenium.remote.RemoteWebDriver.execute(RemoteWebDriver.java:637)
	at org.openqa.selenium.remote.RemoteWebDriver.execute(RemoteWebDriver.java:694)
	at org.openqa.selenium.remote.RemoteWebDriver$RemoteTargetLocator.alert(RemoteWebDriver.java:1020)
	at org.openqa.selenium.support.events.EventFiringWebDriver$EventFiringTargetLocator.alert(EventFiringWebDriver.java:612)
	at org.openqa.selenium.remote.server.handler.DismissAlert.call(DismissAlert.java:30)
	at org.openqa.selenium.remote.server.handler.DismissAlert.call(DismissAlert.java:22)
	at java.util.concurrent.FutureTask.run(Unknown Source)
	at org.openqa.selenium.remote.server.DefaultSession$1.run(DefaultSession.java:176)
	at java.util.concurrent.ThreadPoolExecutor.runWorker(Unknown Source)
	at java.util.concurrent.ThreadPoolExecutor$Worker.run(Unknown Source)
	at java.lang.Thread.run(Unknown Source)
16:46:53.609 WARN - Exception: no such alert
  (Session info: chrome=86.0.4240.75)
Build info: version: '3.4.0', revision: 'unknown', time: 'unknown'
System info: host: 'DESKTOP-OR94KAE', ip: '192.168.56.1', os.name: 'Windows 10', os.arch: 'amd64', os.version: '10.0', java.version: '1.8.0_251'
Driver info: org.openqa.selenium.chrome.ChromeDriver
Capabilities [{networkConnectionEnabled=false, chrome={chromedriverVersion=85.0.4183.87 (cd6713ebf92fa1cacc0f1a598df280093af0c5d7-refs/branch-heads/4183@{#1689}), userDataDir=C:\Users\vinca\AppData\Local\Temp\scoped_dir18976_892126580}, timeouts={implicit=0.0, pageLoad=300000.0, script=30000.0}, pageLoadStrategy=normal, unhandledPromptBehavior=dismiss and notify, strictFileInteractability=false, platform=ANY, proxy=Proxy(), goog:chromeOptions={debuggerAddress=localhost:51068}, acceptInsecureCerts=false, browserVersion=86.0.4240.75, browserName=chrome, javascriptEnabled=true, platformName=windows, setWindowRect=true, webauthn:virtualAuthenticators=true}]
Session ID: 6c61233176dd89cecbf27c85282a6e5f
16:46:53.791 INFO - Executing: [find elements: By.cssSelector: table tr])
16:46:53.813 INFO - Done: [find elements: By.cssSelector: table tr]
16:46:53.823 INFO - Executing: [get text: 22 [[ChromeDriver: chrome on ANY (6c61233176dd89cecbf27c85282a6e5f)] -> css selector: table tr]])
16:46:53.853 INFO - Done: [get text: 22 [[ChromeDriver: chrome on ANY (6c61233176dd89cecbf27c85282a6e5f)] -> css selector: table tr]]
16:46:53.897 INFO - Executing: [new session: Capabilities [{acceptSslCerts=true, marionette=true, name=4 Order, browserName=chrome, javascriptEnabled=true, platform=ANY}]])
16:46:53.899 INFO - Creating a new session for Capabilities [{acceptSslCerts=true, marionette=true, name=4 Order, browserName=chrome, javascriptEnabled=true, platform=ANY}]
Starting ChromeDriver 85.0.4183.87 (cd6713ebf92fa1cacc0f1a598df280093af0c5d7-refs/branch-heads/4183@{#1689}) on port 17835
Only local connections are allowed.
Please see https://chromedriver.chromium.org/security-considerations for suggestions on keeping ChromeDriver safe.
ChromeDriver was started successfully.
[1603226815.212][WARNING]: This version of ChromeDriver has not been tested with Chrome version 86.
16:46:57.278 INFO - Detected dialect: W3C
16:46:57.280 INFO - Done: [new session: Capabilities [{acceptSslCerts=true, marionette=true, name=4 Order, browserName=chrome, javascriptEnabled=true, platform=ANY}]]
16:46:57.292 INFO - Executing: [get: http://localhost:8000/product.html?id=13])
16:46:57.989 INFO - Done: [get: http://localhost:8000/product.html?id=13]
16:46:57.994 INFO - Executing: [find elements: By.cssSelector: #add-to-cart-form input])
16:46:58.015 INFO - Done: [find elements: By.cssSelector: #add-to-cart-form input]
16:46:58.019 INFO - Executing: [clear: 0 [[ChromeDriver: chrome on ANY (94f9a4fdae8258e0ae0738f2a9332a3d)] -> css selector: #add-to-cart-form input]])
16:46:58.075 INFO - Done: [clear: 0 [[ChromeDriver: chrome on ANY (94f9a4fdae8258e0ae0738f2a9332a3d)] -> css selector: #add-to-cart-form input]]
16:46:58.079 INFO - Executing: [find elements: By.cssSelector: #add-to-cart-form input])
16:46:58.101 INFO - Done: [find elements: By.cssSelector: #add-to-cart-form input]
16:46:58.104 INFO - Executing: [send keys: 0 [[ChromeDriver: chrome on ANY (94f9a4fdae8258e0ae0738f2a9332a3d)] -> css selector: #add-to-cart-form input], [1]])
16:46:58.153 INFO - Done: [send keys: 0 [[ChromeDriver: chrome on ANY (94f9a4fdae8258e0ae0738f2a9332a3d)] -> css selector: #add-to-cart-form input], [1]]
16:46:58.156 INFO - Executing: [find elements: By.cssSelector: #add-to-cart-form])
16:46:58.181 INFO - Done: [find elements: By.cssSelector: #add-to-cart-form]
16:46:58.184 INFO - Executing: [submit: 1 [[ChromeDriver: chrome on ANY (94f9a4fdae8258e0ae0738f2a9332a3d)] -> css selector: #add-to-cart-form]])
16:46:58.208 INFO - Done: [submit: 1 [[ChromeDriver: chrome on ANY (94f9a4fdae8258e0ae0738f2a9332a3d)] -> css selector: #add-to-cart-form]]
16:46:58.212 INFO - Executing: [get: http://localhost:8000/order.html])
16:46:58.368 INFO - Done: [get: http://localhost:8000/order.html]
16:46:58.385 INFO - Executing: [find elements: By.cssSelector: .shopping-cart > .count])
16:46:58.411 INFO - Done: [find elements: By.cssSelector: .shopping-cart > .count]
16:46:58.414 INFO - Executing: [is displayed: 2 [[ChromeDriver: chrome on ANY (94f9a4fdae8258e0ae0738f2a9332a3d)] -> css selector: .shopping-cart > .count]])
16:46:58.444 INFO - Done: [is displayed: 2 [[ChromeDriver: chrome on ANY (94f9a4fdae8258e0ae0738f2a9332a3d)] -> css selector: .shopping-cart > .count]]
16:46:58.462 INFO - Executing: [find elements: By.cssSelector: .shopping-cart > .count])
16:46:58.484 INFO - Done: [find elements: By.cssSelector: .shopping-cart > .count]
16:46:58.487 INFO - Executing: [get text: 2 [[ChromeDriver: chrome on ANY (94f9a4fdae8258e0ae0738f2a9332a3d)] -> css selector: .shopping-cart > .count]])
16:46:58.505 INFO - Done: [get text: 2 [[ChromeDriver: chrome on ANY (94f9a4fdae8258e0ae0738f2a9332a3d)] -> css selector: .shopping-cart > .count]]
16:46:58.524 INFO - Executing: [delete session: b2aaca1d-de5a-4601-b7f8-ec93b13cdc6b])
16:46:59.464 INFO - Done: [delete session: b2aaca1d-de5a-4601-b7f8-ec93b13cdc6b]
16:46:59.470 INFO - Executing: [new session: Capabilities [{acceptSslCerts=true, marionette=true, name=4 Order, browserName=chrome, javascriptEnabled=true, platform=ANY}]])
16:46:59.471 INFO - Creating a new session for Capabilities [{acceptSslCerts=true, marionette=true, name=4 Order, browserName=chrome, javascriptEnabled=true, platform=ANY}]
Starting ChromeDriver 85.0.4183.87 (cd6713ebf92fa1cacc0f1a598df280093af0c5d7-refs/branch-heads/4183@{#1689}) on port 4411
Only local connections are allowed.
Please see https://chromedriver.chromium.org/security-considerations for suggestions on keeping ChromeDriver safe.
ChromeDriver was started successfully.
[1603226820.702][WARNING]: This version of ChromeDriver has not been tested with Chrome version 86.
16:47:02.775 INFO - Detected dialect: W3C
16:47:02.777 INFO - Done: [new session: Capabilities [{acceptSslCerts=true, marionette=true, name=4 Order, browserName=chrome, javascriptEnabled=true, platform=ANY}]]
16:47:02.788 INFO - Executing: [get: http://localhost:8000/product.html?id=10])
16:47:04.203 INFO - Done: [get: http://localhost:8000/product.html?id=10]
16:47:04.206 INFO - Executing: [find elements: By.cssSelector: #add-to-cart-form input])
16:47:04.223 INFO - Done: [find elements: By.cssSelector: #add-to-cart-form input]
16:47:04.227 INFO - Executing: [clear: 0 [[ChromeDriver: chrome on ANY (649571971ef953b9d849318e0a53b3e8)] -> css selector: #add-to-cart-form input]])
16:47:04.274 INFO - Done: [clear: 0 [[ChromeDriver: chrome on ANY (649571971ef953b9d849318e0a53b3e8)] -> css selector: #add-to-cart-form input]]
16:47:04.278 INFO - Executing: [find elements: By.cssSelector: #add-to-cart-form input])
16:47:04.291 INFO - Done: [find elements: By.cssSelector: #add-to-cart-form input]
16:47:04.295 INFO - Executing: [send keys: 0 [[ChromeDriver: chrome on ANY (649571971ef953b9d849318e0a53b3e8)] -> css selector: #add-to-cart-form input], [1]])
16:47:04.341 INFO - Done: [send keys: 0 [[ChromeDriver: chrome on ANY (649571971ef953b9d849318e0a53b3e8)] -> css selector: #add-to-cart-form input], [1]]
16:47:04.347 INFO - Executing: [find elements: By.cssSelector: #add-to-cart-form])
16:47:04.373 INFO - Done: [find elements: By.cssSelector: #add-to-cart-form]
16:47:04.377 INFO - Executing: [submit: 1 [[ChromeDriver: chrome on ANY (649571971ef953b9d849318e0a53b3e8)] -> css selector: #add-to-cart-form]])
16:47:04.402 INFO - Done: [submit: 1 [[ChromeDriver: chrome on ANY (649571971ef953b9d849318e0a53b3e8)] -> css selector: #add-to-cart-form]]
16:47:04.406 INFO - Executing: [get: http://localhost:8000/order.html])
16:47:04.511 INFO - Done: [get: http://localhost:8000/order.html]
16:47:04.517 INFO - Executing: [find elements: By.cssSelector: #order-form])
16:47:04.541 INFO - Done: [find elements: By.cssSelector: #order-form]
16:47:05.054 INFO - Executing: [find elements: By.cssSelector: #order-form])
16:47:05.076 INFO - Done: [find elements: By.cssSelector: #order-form]
16:47:05.583 INFO - Executing: [find elements: By.cssSelector: #order-form])
16:47:05.606 INFO - Done: [find elements: By.cssSelector: #order-form]
16:47:06.120 INFO - Executing: [find elements: By.cssSelector: #order-form])
16:47:06.140 INFO - Done: [find elements: By.cssSelector: #order-form]
16:47:06.659 INFO - Executing: [find elements: By.cssSelector: #order-form])
16:47:06.678 INFO - Done: [find elements: By.cssSelector: #order-form]
16:47:07.193 INFO - Executing: [find elements: By.cssSelector: #order-form])
16:47:07.218 INFO - Done: [find elements: By.cssSelector: #order-form]
16:47:07.733 INFO - Executing: [find elements: By.cssSelector: #order-form])
16:47:07.758 INFO - Done: [find elements: By.cssSelector: #order-form]
16:47:08.272 INFO - Executing: [find elements: By.cssSelector: #order-form])
16:47:08.294 INFO - Done: [find elements: By.cssSelector: #order-form]
16:47:08.802 INFO - Executing: [find elements: By.cssSelector: #order-form])
16:47:08.825 INFO - Done: [find elements: By.cssSelector: #order-form]
16:47:09.332 INFO - Executing: [find elements: By.cssSelector: #order-form])
16:47:09.361 INFO - Done: [find elements: By.cssSelector: #order-form]
16:47:09.872 INFO - Executing: [find elements: By.cssSelector: #order-form])
16:47:09.893 INFO - Done: [find elements: By.cssSelector: #order-form]
16:47:09.904 INFO - Executing: [get current url])
16:47:09.922 INFO - Done: [get current url]
16:47:09.935 INFO - Executing: [find elements: By.cssSelector: #first-name-error])
16:47:09.960 INFO - Done: [find elements: By.cssSelector: #first-name-error]
16:47:10.473 INFO - Executing: [find elements: By.cssSelector: #first-name-error])
16:47:10.494 INFO - Done: [find elements: By.cssSelector: #first-name-error]
16:47:11.010 INFO - Executing: [find elements: By.cssSelector: #first-name-error])
16:47:11.030 INFO - Done: [find elements: By.cssSelector: #first-name-error]
16:47:11.547 INFO - Executing: [find elements: By.cssSelector: #first-name-error])
16:47:11.567 INFO - Done: [find elements: By.cssSelector: #first-name-error]
16:47:12.080 INFO - Executing: [find elements: By.cssSelector: #first-name-error])
16:47:12.101 INFO - Done: [find elements: By.cssSelector: #first-name-error]
16:47:12.615 INFO - Executing: [find elements: By.cssSelector: #first-name-error])
16:47:12.635 INFO - Done: [find elements: By.cssSelector: #first-name-error]
16:47:13.149 INFO - Executing: [find elements: By.cssSelector: #first-name-error])
16:47:13.169 INFO - Done: [find elements: By.cssSelector: #first-name-error]
16:47:13.685 INFO - Executing: [find elements: By.cssSelector: #first-name-error])
16:47:13.705 INFO - Done: [find elements: By.cssSelector: #first-name-error]
16:47:14.209 INFO - Executing: [find elements: By.cssSelector: #first-name-error])
16:47:14.229 INFO - Done: [find elements: By.cssSelector: #first-name-error]
16:47:14.746 INFO - Executing: [find elements: By.cssSelector: #first-name-error])
16:47:14.767 INFO - Done: [find elements: By.cssSelector: #first-name-error]
16:47:15.271 INFO - Executing: [find elements: By.cssSelector: #first-name-error])
16:47:15.291 INFO - Done: [find elements: By.cssSelector: #first-name-error]
16:47:15.298 INFO - Executing: [get: http://localhost:8000/product.html?id=4])
16:47:15.718 INFO - Done: [get: http://localhost:8000/product.html?id=4]
16:47:15.721 INFO - Executing: [find elements: By.cssSelector: #add-to-cart-form input])
16:47:15.747 INFO - Done: [find elements: By.cssSelector: #add-to-cart-form input]
16:47:15.750 INFO - Executing: [clear: 2 [[ChromeDriver: chrome on ANY (649571971ef953b9d849318e0a53b3e8)] -> css selector: #add-to-cart-form input]])
16:47:15.798 INFO - Done: [clear: 2 [[ChromeDriver: chrome on ANY (649571971ef953b9d849318e0a53b3e8)] -> css selector: #add-to-cart-form input]]
16:47:15.802 INFO - Executing: [find elements: By.cssSelector: #add-to-cart-form input])
16:47:15.815 INFO - Done: [find elements: By.cssSelector: #add-to-cart-form input]
16:47:15.818 INFO - Executing: [send keys: 2 [[ChromeDriver: chrome on ANY (649571971ef953b9d849318e0a53b3e8)] -> css selector: #add-to-cart-form input], [1]])
16:47:15.864 INFO - Done: [send keys: 2 [[ChromeDriver: chrome on ANY (649571971ef953b9d849318e0a53b3e8)] -> css selector: #add-to-cart-form input], [1]]
16:47:15.867 INFO - Executing: [find elements: By.cssSelector: #add-to-cart-form])
16:47:15.880 INFO - Done: [find elements: By.cssSelector: #add-to-cart-form]
16:47:15.883 INFO - Executing: [submit: 3 [[ChromeDriver: chrome on ANY (649571971ef953b9d849318e0a53b3e8)] -> css selector: #add-to-cart-form]])
16:47:15.908 INFO - Done: [submit: 3 [[ChromeDriver: chrome on ANY (649571971ef953b9d849318e0a53b3e8)] -> css selector: #add-to-cart-form]]
16:47:15.911 INFO - Executing: [get: http://localhost:8000/order.html])
16:47:15.983 INFO - Done: [get: http://localhost:8000/order.html]
16:47:15.994 INFO - Executing: [find elements: By.cssSelector: #first-name])
16:47:16.024 INFO - Done: [find elements: By.cssSelector: #first-name]
16:47:16.031 INFO - Executing: [clear: 4 [[ChromeDriver: chrome on ANY (649571971ef953b9d849318e0a53b3e8)] -> css selector: #first-name]])
16:47:16.072 INFO - Done: [clear: 4 [[ChromeDriver: chrome on ANY (649571971ef953b9d849318e0a53b3e8)] -> css selector: #first-name]]
16:47:16.076 INFO - Executing: [find elements: By.cssSelector: #first-name])
16:47:16.091 INFO - Done: [find elements: By.cssSelector: #first-name]
16:47:16.095 INFO - Executing: [send keys: 4 [[ChromeDriver: chrome on ANY (649571971ef953b9d849318e0a53b3e8)] -> css selector: #first-name], [A]])
16:47:16.146 INFO - Done: [send keys: 4 [[ChromeDriver: chrome on ANY (649571971ef953b9d849318e0a53b3e8)] -> css selector: #first-name], [A]]
16:47:16.149 INFO - Executing: [find elements: By.cssSelector: #order-form])
16:47:16.172 INFO - Done: [find elements: By.cssSelector: #order-form]
16:47:16.683 INFO - Executing: [find elements: By.cssSelector: #order-form])
16:47:16.705 INFO - Done: [find elements: By.cssSelector: #order-form]
16:47:17.210 INFO - Executing: [find elements: By.cssSelector: #order-form])
16:47:17.230 INFO - Done: [find elements: By.cssSelector: #order-form]
16:47:17.737 INFO - Executing: [find elements: By.cssSelector: #order-form])
16:47:17.756 INFO - Done: [find elements: By.cssSelector: #order-form]
16:47:18.264 INFO - Executing: [find elements: By.cssSelector: #order-form])
16:47:18.289 INFO - Done: [find elements: By.cssSelector: #order-form]
16:47:18.804 INFO - Executing: [find elements: By.cssSelector: #order-form])
16:47:18.829 INFO - Done: [find elements: By.cssSelector: #order-form]
16:47:19.350 INFO - Executing: [find elements: By.cssSelector: #order-form])
16:47:19.373 INFO - Done: [find elements: By.cssSelector: #order-form]
16:47:19.893 INFO - Executing: [find elements: By.cssSelector: #order-form])
16:47:19.917 INFO - Done: [find elements: By.cssSelector: #order-form]
16:47:20.424 INFO - Executing: [find elements: By.cssSelector: #order-form])
16:47:20.448 INFO - Done: [find elements: By.cssSelector: #order-form]
16:47:20.967 INFO - Executing: [find elements: By.cssSelector: #order-form])
16:47:20.989 INFO - Done: [find elements: By.cssSelector: #order-form]
16:47:21.509 INFO - Executing: [find elements: By.cssSelector: #order-form])
16:47:21.532 INFO - Done: [find elements: By.cssSelector: #order-form]
16:47:21.538 INFO - Executing: [find elements: By.cssSelector: #first-name-error])
16:47:21.565 INFO - Done: [find elements: By.cssSelector: #first-name-error]
16:47:22.070 INFO - Executing: [find elements: By.cssSelector: #first-name-error])
16:47:22.094 INFO - Done: [find elements: By.cssSelector: #first-name-error]
16:47:22.611 INFO - Executing: [find elements: By.cssSelector: #first-name-error])
16:47:22.637 INFO - Done: [find elements: By.cssSelector: #first-name-error]
16:47:23.153 INFO - Executing: [find elements: By.cssSelector: #first-name-error])
16:47:23.176 INFO - Done: [find elements: By.cssSelector: #first-name-error]
16:47:23.692 INFO - Executing: [find elements: By.cssSelector: #first-name-error])
16:47:23.714 INFO - Done: [find elements: By.cssSelector: #first-name-error]
16:47:24.226 INFO - Executing: [find elements: By.cssSelector: #first-name-error])
16:47:24.249 INFO - Done: [find elements: By.cssSelector: #first-name-error]
16:47:24.762 INFO - Executing: [find elements: By.cssSelector: #first-name-error])
16:47:24.783 INFO - Done: [find elements: By.cssSelector: #first-name-error]
16:47:25.294 INFO - Executing: [find elements: By.cssSelector: #first-name-error])
16:47:25.318 INFO - Done: [find elements: By.cssSelector: #first-name-error]
16:47:25.835 INFO - Executing: [find elements: By.cssSelector: #first-name-error])
16:47:25.859 INFO - Done: [find elements: By.cssSelector: #first-name-error]
16:47:26.377 INFO - Executing: [find elements: By.cssSelector: #first-name-error])
16:47:26.400 INFO - Done: [find elements: By.cssSelector: #first-name-error]
16:47:26.916 INFO - Executing: [find elements: By.cssSelector: #first-name-error])
16:47:26.940 INFO - Done: [find elements: By.cssSelector: #first-name-error]
16:47:26.955 INFO - Executing: [get: http://localhost:8000/product.html?id=11])
16:47:27.071 INFO - Done: [get: http://localhost:8000/product.html?id=11]
16:47:27.074 INFO - Executing: [find elements: By.cssSelector: #add-to-cart-form input])
16:47:27.098 INFO - Done: [find elements: By.cssSelector: #add-to-cart-form input]
16:47:27.101 INFO - Executing: [clear: 5 [[ChromeDriver: chrome on ANY (649571971ef953b9d849318e0a53b3e8)] -> css selector: #add-to-cart-form input]])
16:47:27.156 INFO - Done: [clear: 5 [[ChromeDriver: chrome on ANY (649571971ef953b9d849318e0a53b3e8)] -> css selector: #add-to-cart-form input]]
16:47:27.162 INFO - Executing: [find elements: By.cssSelector: #add-to-cart-form input])
16:47:27.187 INFO - Done: [find elements: By.cssSelector: #add-to-cart-form input]
16:47:27.189 INFO - Executing: [send keys: 5 [[ChromeDriver: chrome on ANY (649571971ef953b9d849318e0a53b3e8)] -> css selector: #add-to-cart-form input], [1]])
16:47:27.253 INFO - Done: [send keys: 5 [[ChromeDriver: chrome on ANY (649571971ef953b9d849318e0a53b3e8)] -> css selector: #add-to-cart-form input], [1]]
16:47:27.258 INFO - Executing: [find elements: By.cssSelector: #add-to-cart-form])
16:47:27.278 INFO - Done: [find elements: By.cssSelector: #add-to-cart-form]
16:47:27.281 INFO - Executing: [submit: 6 [[ChromeDriver: chrome on ANY (649571971ef953b9d849318e0a53b3e8)] -> css selector: #add-to-cart-form]])
16:47:27.304 INFO - Done: [submit: 6 [[ChromeDriver: chrome on ANY (649571971ef953b9d849318e0a53b3e8)] -> css selector: #add-to-cart-form]]
16:47:27.307 INFO - Executing: [get: http://localhost:8000/order.html])
16:47:27.398 INFO - Done: [get: http://localhost:8000/order.html]
16:47:27.404 INFO - Executing: [find elements: By.cssSelector: #first-name])
16:47:27.433 INFO - Done: [find elements: By.cssSelector: #first-name]
16:47:27.436 INFO - Executing: [clear: 7 [[ChromeDriver: chrome on ANY (649571971ef953b9d849318e0a53b3e8)] -> css selector: #first-name]])
16:47:27.486 INFO - Done: [clear: 7 [[ChromeDriver: chrome on ANY (649571971ef953b9d849318e0a53b3e8)] -> css selector: #first-name]]
16:47:27.489 INFO - Executing: [find elements: By.cssSelector: #first-name])
16:47:27.503 INFO - Done: [find elements: By.cssSelector: #first-name]
16:47:27.507 INFO - Executing: [send keys: 7 [[ChromeDriver: chrome on ANY (649571971ef953b9d849318e0a53b3e8)] -> css selector: #first-name], [A, n, t, o, i, n, e]])
16:47:27.569 INFO - Done: [send keys: 7 [[ChromeDriver: chrome on ANY (649571971ef953b9d849318e0a53b3e8)] -> css selector: #first-name], [A, n, t, o, i, n, e]]
16:47:27.573 INFO - Executing: [find elements: By.cssSelector: #last-name])
16:47:27.598 INFO - Done: [find elements: By.cssSelector: #last-name]
16:47:27.601 INFO - Executing: [clear: 8 [[ChromeDriver: chrome on ANY (649571971ef953b9d849318e0a53b3e8)] -> css selector: #last-name]])
16:47:27.648 INFO - Done: [clear: 8 [[ChromeDriver: chrome on ANY (649571971ef953b9d849318e0a53b3e8)] -> css selector: #last-name]]
16:47:27.651 INFO - Executing: [find elements: By.cssSelector: #last-name])
16:47:27.667 INFO - Done: [find elements: By.cssSelector: #last-name]
16:47:27.671 INFO - Executing: [send keys: 8 [[ChromeDriver: chrome on ANY (649571971ef953b9d849318e0a53b3e8)] -> css selector: #last-name], [B, , l, a, n, d]])
16:47:27.720 INFO - Done: [send keys: 8 [[ChromeDriver: chrome on ANY (649571971ef953b9d849318e0a53b3e8)] -> css selector: #last-name], [B, , l, a, n, d]]
16:47:27.724 INFO - Executing: [find elements: By.cssSelector: #email])
16:47:27.750 INFO - Done: [find elements: By.cssSelector: #email]
16:47:27.753 INFO - Executing: [clear: 9 [[ChromeDriver: chrome on ANY (649571971ef953b9d849318e0a53b3e8)] -> css selector: #email]])
16:47:27.802 INFO - Done: [clear: 9 [[ChromeDriver: chrome on ANY (649571971ef953b9d849318e0a53b3e8)] -> css selector: #email]]
16:47:27.805 INFO - Executing: [find elements: By.cssSelector: #email])
16:47:27.820 INFO - Done: [find elements: By.cssSelector: #email]
16:47:27.823 INFO - Executing: [send keys: 9 [[ChromeDriver: chrome on ANY (649571971ef953b9d849318e0a53b3e8)] -> css selector: #email], [a, n, t, o, i, n, e, ., b, e, l, a, n, d, @, p, o, l, y, m, t, l, ., c, a]])
16:47:27.891 INFO - Done: [send keys: 9 [[ChromeDriver: chrome on ANY (649571971ef953b9d849318e0a53b3e8)] -> css selector: #email], [a, n, t, o, i, n, e, ., b, e, l, a, n, d, @, p, o, l, y, m, t, l, ., c, a]]
16:47:27.894 INFO - Executing: [find elements: By.cssSelector: #phone])
16:47:27.914 INFO - Done: [find elements: By.cssSelector: #phone]
16:47:27.917 INFO - Executing: [clear: 10 [[ChromeDriver: chrome on ANY (649571971ef953b9d849318e0a53b3e8)] -> css selector: #phone]])
16:47:27.950 INFO - Done: [clear: 10 [[ChromeDriver: chrome on ANY (649571971ef953b9d849318e0a53b3e8)] -> css selector: #phone]]
16:47:27.953 INFO - Executing: [find elements: By.cssSelector: #phone])
16:47:27.970 INFO - Done: [find elements: By.cssSelector: #phone]
16:47:27.973 INFO - Executing: [send keys: 10 [[ChromeDriver: chrome on ANY (649571971ef953b9d849318e0a53b3e8)] -> css selector: #phone], [5, 1, 4, -, 3, 4, 0, -, 4, 7, 1, 1]])
16:47:28.030 INFO - Done: [send keys: 10 [[ChromeDriver: chrome on ANY (649571971ef953b9d849318e0a53b3e8)] -> css selector: #phone], [5, 1, 4, -, 3, 4, 0, -, 4, 7, 1, 1]]
16:47:28.034 INFO - Executing: [find elements: By.cssSelector: #credit-card])
16:47:28.055 INFO - Done: [find elements: By.cssSelector: #credit-card]
16:47:28.060 INFO - Executing: [clear: 11 [[ChromeDriver: chrome on ANY (649571971ef953b9d849318e0a53b3e8)] -> css selector: #credit-card]])
16:47:28.106 INFO - Done: [clear: 11 [[ChromeDriver: chrome on ANY (649571971ef953b9d849318e0a53b3e8)] -> css selector: #credit-card]]
16:47:28.109 INFO - Executing: [find elements: By.cssSelector: #credit-card])
16:47:28.125 INFO - Done: [find elements: By.cssSelector: #credit-card]
16:47:28.128 INFO - Executing: [send keys: 11 [[ChromeDriver: chrome on ANY (649571971ef953b9d849318e0a53b3e8)] -> css selector: #credit-card], [4, 1, 1, 1,  , 1, 1, 1, 1,  , 1, 1, 1, 1,  , 1, 1, 1, 1]])
16:47:28.189 INFO - Done: [send keys: 11 [[ChromeDriver: chrome on ANY (649571971ef953b9d849318e0a53b3e8)] -> css selector: #credit-card], [4, 1, 1, 1,  , 1, 1, 1, 1,  , 1, 1, 1, 1,  , 1, 1, 1, 1]]
16:47:28.192 INFO - Executing: [find elements: By.cssSelector: #credit-card-expiry])
16:47:28.206 INFO - Done: [find elements: By.cssSelector: #credit-card-expiry]
16:47:28.209 INFO - Executing: [clear: 12 [[ChromeDriver: chrome on ANY (649571971ef953b9d849318e0a53b3e8)] -> css selector: #credit-card-expiry]])
16:47:28.259 INFO - Done: [clear: 12 [[ChromeDriver: chrome on ANY (649571971ef953b9d849318e0a53b3e8)] -> css selector: #credit-card-expiry]]
16:47:28.262 INFO - Executing: [find elements: By.cssSelector: #credit-card-expiry])
16:47:28.279 INFO - Done: [find elements: By.cssSelector: #credit-card-expiry]
16:47:28.283 INFO - Executing: [send keys: 12 [[ChromeDriver: chrome on ANY (649571971ef953b9d849318e0a53b3e8)] -> css selector: #credit-card-expiry], [0, 1, /, 2, 0]])
16:47:28.329 INFO - Done: [send keys: 12 [[ChromeDriver: chrome on ANY (649571971ef953b9d849318e0a53b3e8)] -> css selector: #credit-card-expiry], [0, 1, /, 2, 0]]
16:47:28.332 INFO - Executing: [find elements: By.cssSelector: #order-form])
16:47:28.359 INFO - Done: [find elements: By.cssSelector: #order-form]
16:47:28.874 INFO - Executing: [find elements: By.cssSelector: #order-form])
16:47:28.895 INFO - Done: [find elements: By.cssSelector: #order-form]
16:47:29.404 INFO - Executing: [find elements: By.cssSelector: #order-form])
16:47:29.427 INFO - Done: [find elements: By.cssSelector: #order-form]
16:47:29.941 INFO - Executing: [find elements: By.cssSelector: #order-form])
16:47:29.963 INFO - Done: [find elements: By.cssSelector: #order-form]
16:47:30.482 INFO - Executing: [find elements: By.cssSelector: #order-form])
16:47:30.507 INFO - Done: [find elements: By.cssSelector: #order-form]
16:47:31.025 INFO - Executing: [find elements: By.cssSelector: #order-form])
16:47:31.050 INFO - Done: [find elements: By.cssSelector: #order-form]
16:47:31.564 INFO - Executing: [find elements: By.cssSelector: #order-form])
16:47:31.588 INFO - Done: [find elements: By.cssSelector: #order-form]
16:47:32.107 INFO - Executing: [find elements: By.cssSelector: #order-form])
16:47:32.131 INFO - Done: [find elements: By.cssSelector: #order-form]
16:47:32.651 INFO - Executing: [find elements: By.cssSelector: #order-form])
16:47:32.675 INFO - Done: [find elements: By.cssSelector: #order-form]
16:47:33.195 INFO - Executing: [find elements: By.cssSelector: #order-form])
16:47:33.219 INFO - Done: [find elements: By.cssSelector: #order-form]
16:47:33.723 INFO - Executing: [find elements: By.cssSelector: #order-form])
16:47:33.744 INFO - Done: [find elements: By.cssSelector: #order-form]
16:47:33.926 INFO - Executing: [get current url])
16:47:33.947 INFO - Done: [get current url]
16:47:34.479 INFO - Executing: [get current url])
16:47:34.497 INFO - Done: [get current url]
16:47:35.017 INFO - Executing: [get current url])
16:47:35.037 INFO - Done: [get current url]
16:47:35.562 INFO - Executing: [get current url])
16:47:35.581 INFO - Done: [get current url]
16:47:36.105 INFO - Executing: [get current url])
16:47:36.123 INFO - Done: [get current url]
16:47:36.649 INFO - Executing: [get current url])
16:47:36.668 INFO - Done: [get current url]
16:47:37.194 INFO - Executing: [get current url])
16:47:37.211 INFO - Done: [get current url]
16:47:37.739 INFO - Executing: [get current url])
16:47:37.759 INFO - Done: [get current url]
16:47:38.282 INFO - Executing: [get current url])
16:47:38.301 INFO - Done: [get current url]
16:47:38.823 INFO - Executing: [get current url])
16:47:38.839 INFO - Done: [get current url]
16:47:39.365 INFO - Executing: [get current url])
16:47:39.384 INFO - Done: [get current url]
16:47:39.412 INFO - Executing: [delete session: ec78a52f-aef8-4155-80b8-4662b4cbf73d])
16:47:40.303 INFO - Done: [delete session: ec78a52f-aef8-4155-80b8-4662b4cbf73d]
